<?xml version="1.0" encoding="UTF-8"?>
<testsuite name="com.cg.usercontrollortest.TestLogin" tests="3" skipped="0" failures="0" errors="0" timestamp="2022-05-09T09:50:40" hostname="INLEN8520015139" time="0.028">
  <properties/>
  <testcase name="Sign in with invalid data" classname="com.cg.usercontrollortest.TestLogin" time="0.007"/>
  <testcase name="Sign in with valid data" classname="com.cg.usercontrollortest.TestLogin" time="0.007"/>
  <testcase name="Sign out" classname="com.cg.usercontrollortest.TestLogin" time="0.008"/>
  <system-out><![CDATA[2022-05-09 15:20:40.288  INFO 20176 --- [    Test worker] .b.t.c.SpringBootTestContextBootstrapper : Neither @ContextConfiguration nor @ContextHierarchy found for test class [com.cg.usercontrollortest.TestLogin], using SpringBootContextLoader
2022-05-09 15:20:40.290  INFO 20176 --- [    Test worker] o.s.t.c.support.AbstractContextLoader    : Could not detect default resource locations for test class [com.cg.usercontrollortest.TestLogin]: no resource found for suffixes {-context.xml, Context.groovy}.
2022-05-09 15:20:40.290  INFO 20176 --- [    Test worker] t.c.s.AnnotationConfigContextLoaderUtils : Could not detect default configuration classes for test class [com.cg.usercontrollortest.TestLogin]: TestLogin does not declare any static, non-private, non-final, nested classes annotated with @Configuration.
2022-05-09 15:20:40.293  INFO 20176 --- [    Test worker] .b.t.c.SpringBootTestContextBootstrapper : Found @SpringBootConfiguration com.cg.CreditCardBillPaymentApplication for test class com.cg.usercontrollortest.TestLogin
2022-05-09 15:20:40.297  INFO 20176 --- [    Test worker] .b.t.c.SpringBootTestContextBootstrapper : Loaded default TestExecutionListener class names from location [META-INF/spring.factories]: [org.springframework.boot.test.autoconfigure.restdocs.RestDocsTestExecutionListener, org.springframework.boot.test.autoconfigure.web.client.MockRestServiceServerResetTestExecutionListener, org.springframework.boot.test.autoconfigure.web.servlet.MockMvcPrintOnlyOnFailureTestExecutionListener, org.springframework.boot.test.autoconfigure.web.servlet.WebDriverTestExecutionListener, org.springframework.boot.test.autoconfigure.webservices.client.MockWebServiceServerTestExecutionListener, org.springframework.boot.test.mock.mockito.MockitoTestExecutionListener, org.springframework.boot.test.mock.mockito.ResetMocksTestExecutionListener, org.springframework.test.context.web.ServletTestExecutionListener, org.springframework.test.context.support.DirtiesContextBeforeModesTestExecutionListener, org.springframework.test.context.event.ApplicationEventsTestExecutionListener, org.springframework.test.context.support.DependencyInjectionTestExecutionListener, org.springframework.test.context.support.DirtiesContextTestExecutionListener, org.springframework.test.context.transaction.TransactionalTestExecutionListener, org.springframework.test.context.jdbc.SqlScriptsTestExecutionListener, org.springframework.test.context.event.EventPublishingTestExecutionListener]
2022-05-09 15:20:40.298  INFO 20176 --- [    Test worker] .b.t.c.SpringBootTestContextBootstrapper : Using TestExecutionListeners: [org.springframework.test.context.web.ServletTestExecutionListener@17185a2, org.springframework.test.context.support.DirtiesContextBeforeModesTestExecutionListener@1bc66f0, org.springframework.test.context.event.ApplicationEventsTestExecutionListener@1381eae, org.springframework.boot.test.mock.mockito.MockitoTestExecutionListener@1800bd7, org.springframework.boot.test.autoconfigure.SpringBootDependencyInjectionTestExecutionListener@57ca10, org.springframework.test.context.support.DirtiesContextTestExecutionListener@12be8c, org.springframework.test.context.transaction.TransactionalTestExecutionListener@1e21d0e, org.springframework.test.context.jdbc.SqlScriptsTestExecutionListener@7b7796, org.springframework.test.context.event.EventPublishingTestExecutionListener@e35c3, org.springframework.boot.test.autoconfigure.restdocs.RestDocsTestExecutionListener@17f0cd0, org.springframework.boot.test.autoconfigure.web.client.MockRestServiceServerResetTestExecutionListener@5a781c, org.springframework.boot.test.autoconfigure.web.servlet.MockMvcPrintOnlyOnFailureTestExecutionListener@13e6e06, org.springframework.boot.test.autoconfigure.web.servlet.WebDriverTestExecutionListener@e5e1cf, org.springframework.boot.test.autoconfigure.webservices.client.MockWebServiceServerTestExecutionListener@19979cf, org.springframework.boot.test.mock.mockito.ResetMocksTestExecutionListener@627ab8]
]]></system-out>
  <system-err><![CDATA[]]></system-err>
</testsuite>
