<?xml version="1.0" encoding="UTF-8"?>
<testsuite name="com.cg.customercontrollertest.TestMakeTransaction" tests="2" skipped="0" failures="0" errors="0" timestamp="2022-05-09T09:50:40" hostname="INLEN8520015139" time="0.023">
  <properties/>
  <testcase name="Make transaction with invalid data" classname="com.cg.customercontrollertest.TestMakeTransaction" time="0.012"/>
  <testcase name="Make transaction with valid data" classname="com.cg.customercontrollertest.TestMakeTransaction" time="0.007"/>
  <system-out><![CDATA[2022-05-09 15:20:40.078  INFO 20176 --- [    Test worker] .b.t.c.SpringBootTestContextBootstrapper : Neither @ContextConfiguration nor @ContextHierarchy found for test class [com.cg.customercontrollertest.TestMakeTransaction], using SpringBootContextLoader
2022-05-09 15:20:40.080  INFO 20176 --- [    Test worker] o.s.t.c.support.AbstractContextLoader    : Could not detect default resource locations for test class [com.cg.customercontrollertest.TestMakeTransaction]: no resource found for suffixes {-context.xml, Context.groovy}.
2022-05-09 15:20:40.081  INFO 20176 --- [    Test worker] t.c.s.AnnotationConfigContextLoaderUtils : Could not detect default configuration classes for test class [com.cg.customercontrollertest.TestMakeTransaction]: TestMakeTransaction does not declare any static, non-private, non-final, nested classes annotated with @Configuration.
2022-05-09 15:20:40.084  INFO 20176 --- [    Test worker] .b.t.c.SpringBootTestContextBootstrapper : Found @SpringBootConfiguration com.cg.CreditCardBillPaymentApplication for test class com.cg.customercontrollertest.TestMakeTransaction
2022-05-09 15:20:40.090  INFO 20176 --- [    Test worker] .b.t.c.SpringBootTestContextBootstrapper : Loaded default TestExecutionListener class names from location [META-INF/spring.factories]: [org.springframework.boot.test.autoconfigure.restdocs.RestDocsTestExecutionListener, org.springframework.boot.test.autoconfigure.web.client.MockRestServiceServerResetTestExecutionListener, org.springframework.boot.test.autoconfigure.web.servlet.MockMvcPrintOnlyOnFailureTestExecutionListener, org.springframework.boot.test.autoconfigure.web.servlet.WebDriverTestExecutionListener, org.springframework.boot.test.autoconfigure.webservices.client.MockWebServiceServerTestExecutionListener, org.springframework.boot.test.mock.mockito.MockitoTestExecutionListener, org.springframework.boot.test.mock.mockito.ResetMocksTestExecutionListener, org.springframework.test.context.web.ServletTestExecutionListener, org.springframework.test.context.support.DirtiesContextBeforeModesTestExecutionListener, org.springframework.test.context.event.ApplicationEventsTestExecutionListener, org.springframework.test.context.support.DependencyInjectionTestExecutionListener, org.springframework.test.context.support.DirtiesContextTestExecutionListener, org.springframework.test.context.transaction.TransactionalTestExecutionListener, org.springframework.test.context.jdbc.SqlScriptsTestExecutionListener, org.springframework.test.context.event.EventPublishingTestExecutionListener]
2022-05-09 15:20:40.092  INFO 20176 --- [    Test worker] .b.t.c.SpringBootTestContextBootstrapper : Using TestExecutionListeners: [org.springframework.test.context.web.ServletTestExecutionListener@6e2710, org.springframework.test.context.support.DirtiesContextBeforeModesTestExecutionListener@129d534, org.springframework.test.context.event.ApplicationEventsTestExecutionListener@22325d, org.springframework.boot.test.mock.mockito.MockitoTestExecutionListener@5cb013, org.springframework.boot.test.autoconfigure.SpringBootDependencyInjectionTestExecutionListener@169462f, org.springframework.test.context.support.DirtiesContextTestExecutionListener@32b883, org.springframework.test.context.transaction.TransactionalTestExecutionListener@109c282, org.springframework.test.context.jdbc.SqlScriptsTestExecutionListener@c3758, org.springframework.test.context.event.EventPublishingTestExecutionListener@1414b88, org.springframework.boot.test.autoconfigure.restdocs.RestDocsTestExecutionListener@a605c3, org.springframework.boot.test.autoconfigure.web.client.MockRestServiceServerResetTestExecutionListener@1fad0c7, org.springframework.boot.test.autoconfigure.web.servlet.MockMvcPrintOnlyOnFailureTestExecutionListener@fb8317, org.springframework.boot.test.autoconfigure.web.servlet.WebDriverTestExecutionListener@12f910b, org.springframework.boot.test.autoconfigure.webservices.client.MockWebServiceServerTestExecutionListener@1451970, org.springframework.boot.test.mock.mockito.ResetMocksTestExecutionListener@7c8cb7]
]]></system-out>
  <system-err><![CDATA[]]></system-err>
</testsuite>
