<?xml version="1.0" encoding="UTF-8"?>
<testsuite name="com.cg.admincontrollertest.TestAddCustomer" tests="2" skipped="0" failures="0" errors="0" timestamp="2022-05-09T09:50:39" hostname="INLEN8520015139" time="0.273">
  <properties/>
  <testcase name="Add user with invalid data" classname="com.cg.admincontrollertest.TestAddCustomer" time="0.249"/>
  <testcase name="Add user with valid data" classname="com.cg.admincontrollertest.TestAddCustomer" time="0.019"/>
  <system-out><![CDATA[2022-05-09 15:20:39.263  INFO 20176 --- [    Test worker] .b.t.c.SpringBootTestContextBootstrapper : Neither @ContextConfiguration nor @ContextHierarchy found for test class [com.cg.admincontrollertest.TestAddCustomer], using SpringBootContextLoader
2022-05-09 15:20:39.276  INFO 20176 --- [    Test worker] o.s.t.c.support.AbstractContextLoader    : Could not detect default resource locations for test class [com.cg.admincontrollertest.TestAddCustomer]: no resource found for suffixes {-context.xml, Context.groovy}.
2022-05-09 15:20:39.276  INFO 20176 --- [    Test worker] t.c.s.AnnotationConfigContextLoaderUtils : Could not detect default configuration classes for test class [com.cg.admincontrollertest.TestAddCustomer]: TestAddCustomer does not declare any static, non-private, non-final, nested classes annotated with @Configuration.
2022-05-09 15:20:39.287  INFO 20176 --- [    Test worker] .b.t.c.SpringBootTestContextBootstrapper : Found @SpringBootConfiguration com.cg.CreditCardBillPaymentApplication for test class com.cg.admincontrollertest.TestAddCustomer
2022-05-09 15:20:39.291  INFO 20176 --- [    Test worker] .b.t.c.SpringBootTestContextBootstrapper : Loaded default TestExecutionListener class names from location [META-INF/spring.factories]: [org.springframework.boot.test.autoconfigure.restdocs.RestDocsTestExecutionListener, org.springframework.boot.test.autoconfigure.web.client.MockRestServiceServerResetTestExecutionListener, org.springframework.boot.test.autoconfigure.web.servlet.MockMvcPrintOnlyOnFailureTestExecutionListener, org.springframework.boot.test.autoconfigure.web.servlet.WebDriverTestExecutionListener, org.springframework.boot.test.autoconfigure.webservices.client.MockWebServiceServerTestExecutionListener, org.springframework.boot.test.mock.mockito.MockitoTestExecutionListener, org.springframework.boot.test.mock.mockito.ResetMocksTestExecutionListener, org.springframework.test.context.web.ServletTestExecutionListener, org.springframework.test.context.support.DirtiesContextBeforeModesTestExecutionListener, org.springframework.test.context.event.ApplicationEventsTestExecutionListener, org.springframework.test.context.support.DependencyInjectionTestExecutionListener, org.springframework.test.context.support.DirtiesContextTestExecutionListener, org.springframework.test.context.transaction.TransactionalTestExecutionListener, org.springframework.test.context.jdbc.SqlScriptsTestExecutionListener, org.springframework.test.context.event.EventPublishingTestExecutionListener]
2022-05-09 15:20:39.292  INFO 20176 --- [    Test worker] .b.t.c.SpringBootTestContextBootstrapper : Using TestExecutionListeners: [org.springframework.test.context.web.ServletTestExecutionListener@1b46c10, org.springframework.test.context.support.DirtiesContextBeforeModesTestExecutionListener@79446, org.springframework.test.context.event.ApplicationEventsTestExecutionListener@14c0ed1, org.springframework.boot.test.mock.mockito.MockitoTestExecutionListener@18f2486, org.springframework.boot.test.autoconfigure.SpringBootDependencyInjectionTestExecutionListener@1071e4b, org.springframework.test.context.support.DirtiesContextTestExecutionListener@1441609, org.springframework.test.context.transaction.TransactionalTestExecutionListener@f7bf36, org.springframework.test.context.jdbc.SqlScriptsTestExecutionListener@3404fa, org.springframework.test.context.event.EventPublishingTestExecutionListener@1b4beb1, org.springframework.boot.test.autoconfigure.restdocs.RestDocsTestExecutionListener@cb1310, org.springframework.boot.test.autoconfigure.web.client.MockRestServiceServerResetTestExecutionListener@15a04b0, org.springframework.boot.test.autoconfigure.web.servlet.MockMvcPrintOnlyOnFailureTestExecutionListener@1a3c6f5, org.springframework.boot.test.autoconfigure.web.servlet.WebDriverTestExecutionListener@178a946, org.springframework.boot.test.autoconfigure.webservices.client.MockWebServiceServerTestExecutionListener@1c762aa, org.springframework.boot.test.mock.mockito.ResetMocksTestExecutionListener@438f66]
]]></system-out>
  <system-err><![CDATA[]]></system-err>
</testsuite>
