<?xml version="1.0" encoding="UTF-8"?>
<testsuite name="com.cg.customercontrollertest.TestGetStatement" tests="8" skipped="0" failures="0" errors="0" timestamp="2022-05-09T09:50:39" hostname="INLEN8520015139" time="0.086">
  <properties/>
  <testcase name="Get statement with invalid credit card data" classname="com.cg.customercontrollertest.TestGetStatement" time="0.008"/>
  <testcase name="Get all statements with invalid credit card data" classname="com.cg.customercontrollertest.TestGetStatement" time="0.009"/>
  <testcase name="Get all statements with valid credit card data" classname="com.cg.customercontrollertest.TestGetStatement" time="0.007"/>
  <testcase name="Get statement with valid credit card data" classname="com.cg.customercontrollertest.TestGetStatement" time="0.007"/>
  <testcase name="Get statement history with invalid id" classname="com.cg.customercontrollertest.TestGetStatement" time="0.009"/>
  <testcase name="Get statement with valid data" classname="com.cg.customercontrollertest.TestGetStatement" time="0.01"/>
  <testcase name="Get statement with invalid data" classname="com.cg.customercontrollertest.TestGetStatement" time="0.009"/>
  <testcase name="Get statement history with valid id" classname="com.cg.customercontrollertest.TestGetStatement" time="0.007"/>
  <system-out><![CDATA[2022-05-09 15:20:39.973  INFO 20176 --- [    Test worker] .b.t.c.SpringBootTestContextBootstrapper : Neither @ContextConfiguration nor @ContextHierarchy found for test class [com.cg.customercontrollertest.TestGetStatement], using SpringBootContextLoader
2022-05-09 15:20:39.975  INFO 20176 --- [    Test worker] o.s.t.c.support.AbstractContextLoader    : Could not detect default resource locations for test class [com.cg.customercontrollertest.TestGetStatement]: no resource found for suffixes {-context.xml, Context.groovy}.
2022-05-09 15:20:39.975  INFO 20176 --- [    Test worker] t.c.s.AnnotationConfigContextLoaderUtils : Could not detect default configuration classes for test class [com.cg.customercontrollertest.TestGetStatement]: TestGetStatement does not declare any static, non-private, non-final, nested classes annotated with @Configuration.
2022-05-09 15:20:39.977  INFO 20176 --- [    Test worker] .b.t.c.SpringBootTestContextBootstrapper : Found @SpringBootConfiguration com.cg.CreditCardBillPaymentApplication for test class com.cg.customercontrollertest.TestGetStatement
2022-05-09 15:20:39.981  INFO 20176 --- [    Test worker] .b.t.c.SpringBootTestContextBootstrapper : Loaded default TestExecutionListener class names from location [META-INF/spring.factories]: [org.springframework.boot.test.autoconfigure.restdocs.RestDocsTestExecutionListener, org.springframework.boot.test.autoconfigure.web.client.MockRestServiceServerResetTestExecutionListener, org.springframework.boot.test.autoconfigure.web.servlet.MockMvcPrintOnlyOnFailureTestExecutionListener, org.springframework.boot.test.autoconfigure.web.servlet.WebDriverTestExecutionListener, org.springframework.boot.test.autoconfigure.webservices.client.MockWebServiceServerTestExecutionListener, org.springframework.boot.test.mock.mockito.MockitoTestExecutionListener, org.springframework.boot.test.mock.mockito.ResetMocksTestExecutionListener, org.springframework.test.context.web.ServletTestExecutionListener, org.springframework.test.context.support.DirtiesContextBeforeModesTestExecutionListener, org.springframework.test.context.event.ApplicationEventsTestExecutionListener, org.springframework.test.context.support.DependencyInjectionTestExecutionListener, org.springframework.test.context.support.DirtiesContextTestExecutionListener, org.springframework.test.context.transaction.TransactionalTestExecutionListener, org.springframework.test.context.jdbc.SqlScriptsTestExecutionListener, org.springframework.test.context.event.EventPublishingTestExecutionListener]
2022-05-09 15:20:39.982  INFO 20176 --- [    Test worker] .b.t.c.SpringBootTestContextBootstrapper : Using TestExecutionListeners: [org.springframework.test.context.web.ServletTestExecutionListener@890021, org.springframework.test.context.support.DirtiesContextBeforeModesTestExecutionListener@13ba54e, org.springframework.test.context.event.ApplicationEventsTestExecutionListener@1422187, org.springframework.boot.test.mock.mockito.MockitoTestExecutionListener@5a8b7, org.springframework.boot.test.autoconfigure.SpringBootDependencyInjectionTestExecutionListener@e126de, org.springframework.test.context.support.DirtiesContextTestExecutionListener@cce199, org.springframework.test.context.transaction.TransactionalTestExecutionListener@b4b25e, org.springframework.test.context.jdbc.SqlScriptsTestExecutionListener@1abe06f, org.springframework.test.context.event.EventPublishingTestExecutionListener@6be812, org.springframework.boot.test.autoconfigure.restdocs.RestDocsTestExecutionListener@1ee0a2f, org.springframework.boot.test.autoconfigure.web.client.MockRestServiceServerResetTestExecutionListener@796d0e, org.springframework.boot.test.autoconfigure.web.servlet.MockMvcPrintOnlyOnFailureTestExecutionListener@c548f6, org.springframework.boot.test.autoconfigure.web.servlet.WebDriverTestExecutionListener@1ed0c04, org.springframework.boot.test.autoconfigure.webservices.client.MockWebServiceServerTestExecutionListener@3bd6a4, org.springframework.boot.test.mock.mockito.ResetMocksTestExecutionListener@149c070]
]]></system-out>
  <system-err><![CDATA[]]></system-err>
</testsuite>
